<?xml version="1.0" encoding="UTF-8"?>
<!-- Generated by org.testng.reporters.JUnitReportReporter -->
<testsuite skipped="0" hostname="Guanmings-MacBook-Pro.local" name="testngFiles2.Annot2" tests="1" failures="0" timestamp="26 Oct 2016 21:23:26 GMT" time="0.004" errors="0">
  <testcase name="software" time="0.004" classname="testngFiles2.Annot2"/>
</testsuite> <!-- testngFiles2.Annot2 -->
