<?xml version="1.0" encoding="UTF-8"?>
<!-- Generated by org.testng.reporters.JUnitReportReporter -->
<testsuite skipped="0" hostname="Guanmings-MacBook-Pro.local" name="packTwo.DependenyAnnot" tests="3" failures="0" timestamp="26 Oct 2016 21:23:26 GMT" time="0.003" errors="0">
  <testcase name="Timerelated" time="0.001" classname="packTwo.DependenyAnnot"/>
  <testcase name="OpeningBrowser" time="0.001" classname="packTwo.DependenyAnnot"/>
  <testcase name="FlightBooking" time="0.001" classname="packTwo.DependenyAnnot"/>
</testsuite> <!-- packTwo.DependenyAnnot -->
