<?xml version="1.0" encoding="UTF-8"?>
<!-- Generated by org.testng.reporters.JUnitReportReporter -->
<testsuite skipped="0" hostname="Guanmings-MacBook-Pro.local" name="testngFiles2.DependenyAnnot" tests="3" failures="0" timestamp="26 Oct 2016 21:23:26 GMT" time="0.018" errors="0">
  <testcase name="FlightBooking" time="0.001" classname="testngFiles2.DependenyAnnot"/>
  <testcase name="OpeningBrowser" time="0.002" classname="testngFiles2.DependenyAnnot"/>
  <testcase name="Timerelated" time="0.015" classname="testngFiles2.DependenyAnnot"/>
</testsuite> <!-- testngFiles2.DependenyAnnot -->
