<?xml version="1.0" encoding="UTF-8"?>
<!-- Generated by org.testng.reporters.JUnitReportReporter -->
<testsuite skipped="0" hostname="Guanmings-MacBook-Pro.local" name="packTwo.Annot2" tests="1" failures="0" timestamp="26 Oct 2016 21:11:59 GMT" time="0.008" errors="0">
  <testcase name="software" time="0.008" classname="packTwo.Annot2"/>
</testsuite> <!-- packTwo.Annot2 -->
